[ 26%] Built target gtest_main
[ 26%] Built target gtest
[ 40%] Built target armor_detector_node
[ 46%] [32mBuilding CXX object CMakeFiles/armor_detector.dir/src/detector.cpp.o[0m
[01m[K/home/wdr/ros_ws/src/rm_auto_aim/armor_detector/src/detector.cpp:[m[K In member function â€˜[01m[Kcv::Mat rm_auto_aim::Detector::preprocessImage(const cv::Mat&)[m[Kâ€™:
[01m[K/home/wdr/ros_ws/src/rm_auto_aim/armor_detector/src/detector.cpp:47:7:[m[K [01;31m[Kerror: [m[Kâ€˜[01m[KmorphoiogyEx[m[Kâ€™ is not a member of â€˜[01m[Kcv[m[Kâ€™; did you mean â€˜[01m[KmorphologyEx[m[Kâ€™?
   47 |   cv::[01;31m[KmorphoiogyEx[m[K(gray_img,gray_img,MORPH_CLOSE,CV::sIZE(3,3));
      |       [01;31m[K^~~~~~~~~~~~[m[K
      |       [32m[KmorphologyEx[m[K
[01m[K/home/wdr/ros_ws/src/rm_auto_aim/armor_detector/src/detector.cpp:47:38:[m[K [01;31m[Kerror: [m[Kâ€˜[01m[KMORPH_CLOSE[m[Kâ€™ was not declared in this scope; did you mean â€˜[01m[Kcv::MORPH_CLOSE[m[Kâ€™?
   47 |   cv::morphoiogyEx(gray_img,gray_img,[01;31m[KMORPH_CLOSE[m[K,CV::sIZE(3,3));
      |                                      [01;31m[K^~~~~~~~~~~[m[K
      |                                      [32m[Kcv::MORPH_CLOSE[m[K
In file included from [01m[K/home/wdr/ros_ws/src/rm_auto_aim/armor_detector/src/detector.cpp:9[m[K:
[01m[K/usr/local/include/opencv4/opencv2/imgproc.hpp:218:5:[m[K [01;36m[Knote: [m[Kâ€˜[01m[Kcv::MORPH_CLOSE[m[Kâ€™ declared here
  218 |     [01;36m[KMORPH_CLOSE[m[K    = 3, //!< a closing operation
      |     [01;36m[K^~~~~~~~~~~[m[K
[01m[K/home/wdr/ros_ws/src/rm_auto_aim/armor_detector/src/detector.cpp:47:50:[m[K [01;31m[Kerror: [m[Kâ€˜[01m[KCV[m[Kâ€™ has not been declared
   47 |   cv::morphoiogyEx(gray_img,gray_img,MORPH_CLOSE,[01;31m[KCV[m[K::sIZE(3,3));
      |                                                  [01;31m[K^~[m[K
gmake[2]: *** [CMakeFiles/armor_detector.dir/build.make:76ï¼šCMakeFiles/armor_detector.dir/src/detector.cpp.o] é”™è¯¯ 1
gmake[1]: *** [CMakeFiles/Makefile2:161ï¼šCMakeFiles/armor_detector.dir/all] é”™è¯¯ 2
gmake: *** [Makefile:146ï¼šall] é”™è¯¯ 2
