[01m[K/home/wdr/ros_ws/src/rm_auto_aim/armor_detector/src/detector_node.cpp:[m[K In member function â€˜[01m[Kstd::unique_ptr<rm_auto_aim::Detector> rm_auto_aim::ArmorDetectorNode::initDetector()[m[Kâ€™:
[01m[K/home/wdr/ros_ws/src/rm_auto_aim/armor_detector/src/detector_node.cpp:279:36:[m[K [01;31m[Kerror: [m[Knarrowing conversion of â€˜[01m[K((rm_auto_aim::ArmorDetectorNode*)this)->rm_auto_aim::ArmorDetectorNode::<anonymous>.rclcpp::Node::declare_parameter<int>(std::__cxx11::basic_string<char>(((const char*)"light.min_length"), std::allocator<char>()), 10, rcl_interfaces::msg::ParameterDescriptor_<std::allocator<void> >(rosidl_runtime_cpp::MessageInitialization::ALL), 0)[m[Kâ€™ from â€˜[01m[Klong int[m[Kâ€™ to â€˜[01m[Kdouble[m[Kâ€™ [[01;31m[K]8;;https://gcc.gnu.org/onlinedocs/gcc/Warning-Options.html#index-Wnarrowing-Werror=narrowing]8;;[m[K]
  279 |     .min_length = [01;31m[Kdeclare_parameter("light.min_length", 10)[m[K,
      |                   [01;31m[K~~~~~~~~~~~~~~~~~^~~~~~~~~~~~~~~~~~~~~~~~[m[K
cc1plus: all warnings being treated as errors
gmake[2]: *** [CMakeFiles/armor_detector.dir/build.make:90ï¼šCMakeFiles/armor_detector.dir/src/detector_node.cpp.o] é”™è¯¯ 1
gmake[1]: *** [CMakeFiles/Makefile2:161ï¼šCMakeFiles/armor_detector.dir/all] é”™è¯¯ 2
gmake: *** [Makefile:146ï¼šall] é”™è¯¯ 2
