[01m[K/home/wdr/ros_ws/src/rm_auto_aim/armor_detector/src/detector.cpp:[m[K In member function â€˜[01m[Kcv::Mat rm_auto_aim::Detector::preprocessImage(const cv::Mat&)[m[Kâ€™:
[01m[K/home/wdr/ros_ws/src/rm_auto_aim/armor_detector/src/detector.cpp:47:58:[m[K [01;31m[Kerror: [m[Kinvalid initialization of reference of type â€˜[01m[Kcv::InputArray[m[Kâ€™ {aka â€˜[01m[Kconst cv::_InputArray&[m[Kâ€™} from expression of type â€˜[01m[Kcv::Size[m[Kâ€™ {aka â€˜[01m[Kcv::Size_<int>[m[Kâ€™}
   47 |   cv::morphologyEx(gray_img,gray_img,cv::MORPH_CLOSE,cv::[01;31m[KSize(3,3)[m[K);
      |                                                          [01;31m[K^~~~~~~~~[m[K
In file included from [01m[K/home/wdr/ros_ws/src/rm_auto_aim/armor_detector/src/detector.cpp:9[m[K:
[01m[K/usr/local/include/opencv4/opencv2/imgproc.hpp:2321:52:[m[K [01;36m[Knote: [m[Kin passing argument 4 of â€˜[01m[Kvoid cv::morphologyEx(cv::InputArray, cv::OutputArray, int, cv::InputArray, cv::Point, int, int, const Scalar&)[m[Kâ€™
 2321 |                                 int op, [01;36m[KInputArray kernel[m[K,
      |                                         [01;36m[K~~~~~~~~~~~^~~~~~[m[K
gmake[2]: *** [CMakeFiles/armor_detector.dir/build.make:76ï¼šCMakeFiles/armor_detector.dir/src/detector.cpp.o] é”™è¯¯ 1
gmake[1]: *** [CMakeFiles/Makefile2:161ï¼šCMakeFiles/armor_detector.dir/all] é”™è¯¯ 2
gmake: *** [Makefile:146ï¼šall] é”™è¯¯ 2
