[0.010s] Invoking command in '/home/wdr/ros_ws/build/armor_detector': AMENT_PREFIX_PATH=/home/wdr/ros_ws/install/auto_aim_interfaces:${AMENT_PREFIX_PATH} CMAKE_PREFIX_PATH=/home/wdr/ros_ws/install/auto_aim_interfaces:/opt/ros/humble LD_LIBRARY_PATH=/home/wdr/ros_ws/install/auto_aim_interfaces/lib:/opt/MVS/lib/64:/opt/MVS/lib/32:/opt/MVS/lib/64:/opt/MVS/lib/32:/opt/ros/humble/opt/rviz_ogre_vendor/lib:/opt/ros/humble/lib/x86_64-linux-gnu:/opt/ros/humble/lib:/opt/MVS/lib/64:/opt/MVS/lib/32:/opt/MVS/lib/64:/opt/MVS/lib/32:/opt/MVS/lib/64:/opt/MVS/lib/32:/opt/MVS/lib/64:/opt/MVS/lib/32 PYTHONPATH=/home/wdr/ros_ws/install/auto_aim_interfaces/local/lib/python3.10/dist-packages:${PYTHONPATH} /usr/bin/cmake --build /home/wdr/ros_ws/build/armor_detector -- -j8 -l8
[0.026s] [35m[1mConsolidate compiler generated dependencies of target armor_detector[0m
[0.029s] [ 13%] Built target gtest
[0.030s] [ 26%] Built target armor_detector_node
[0.032s] [ 40%] Built target gtest_main
[0.042s] [ 46%] [32mBuilding CXX object CMakeFiles/armor_detector.dir/src/detector.cpp.o[0m
[0.918s] [01m[K/home/wdr/ros_ws/src/rm_auto_aim/armor_detector/src/detector.cpp:[m[K In member function â€˜[01m[Kcv::Mat rm_auto_aim::Detector::preprocessImage(const cv::Mat&)[m[Kâ€™:
[0.918s] [01m[K/home/wdr/ros_ws/src/rm_auto_aim/armor_detector/src/detector.cpp:47:58:[m[K [01;31m[Kerror: [m[Kinvalid initialization of reference of type â€˜[01m[Kcv::InputArray[m[Kâ€™ {aka â€˜[01m[Kconst cv::_InputArray&[m[Kâ€™} from expression of type â€˜[01m[Kcv::Size[m[Kâ€™ {aka â€˜[01m[Kcv::Size_<int>[m[Kâ€™}
[0.918s]    47 |   cv::morphologyEx(gray_img,gray_img,cv::MORPH_CLOSE,cv::[01;31m[KSize(3,3)[m[K);
[0.919s]       |                                                          [01;31m[K^~~~~~~~~[m[K
[0.919s] In file included from [01m[K/home/wdr/ros_ws/src/rm_auto_aim/armor_detector/src/detector.cpp:9[m[K:
[0.919s] [01m[K/usr/local/include/opencv4/opencv2/imgproc.hpp:2321:52:[m[K [01;36m[Knote: [m[Kin passing argument 4 of â€˜[01m[Kvoid cv::morphologyEx(cv::InputArray, cv::OutputArray, int, cv::InputArray, cv::Point, int, int, const Scalar&)[m[Kâ€™
[0.919s]  2321 |                                 int op, [01;36m[KInputArray kernel[m[K,
[0.919s]       |                                         [01;36m[K~~~~~~~~~~~^~~~~~[m[K
[1.259s] gmake[2]: *** [CMakeFiles/armor_detector.dir/build.make:76ï¼šCMakeFiles/armor_detector.dir/src/detector.cpp.o] é”™è¯¯ 1
[1.259s] gmake[1]: *** [CMakeFiles/Makefile2:161ï¼šCMakeFiles/armor_detector.dir/all] é”™è¯¯ 2
[1.259s] gmake: *** [Makefile:146ï¼šall] é”™è¯¯ 2
[1.260s] Invoked command in '/home/wdr/ros_ws/build/armor_detector' returned '2': AMENT_PREFIX_PATH=/home/wdr/ros_ws/install/auto_aim_interfaces:${AMENT_PREFIX_PATH} CMAKE_PREFIX_PATH=/home/wdr/ros_ws/install/auto_aim_interfaces:/opt/ros/humble LD_LIBRARY_PATH=/home/wdr/ros_ws/install/auto_aim_interfaces/lib:/opt/MVS/lib/64:/opt/MVS/lib/32:/opt/MVS/lib/64:/opt/MVS/lib/32:/opt/ros/humble/opt/rviz_ogre_vendor/lib:/opt/ros/humble/lib/x86_64-linux-gnu:/opt/ros/humble/lib:/opt/MVS/lib/64:/opt/MVS/lib/32:/opt/MVS/lib/64:/opt/MVS/lib/32:/opt/MVS/lib/64:/opt/MVS/lib/32:/opt/MVS/lib/64:/opt/MVS/lib/32 PYTHONPATH=/home/wdr/ros_ws/install/auto_aim_interfaces/local/lib/python3.10/dist-packages:${PYTHONPATH} /usr/bin/cmake --build /home/wdr/ros_ws/build/armor_detector -- -j8 -l8
