[0.009s] Invoking command in '/home/wdr/ros_ws/build/armor_detector': AMENT_PREFIX_PATH=/home/wdr/ros_ws/install/auto_aim_interfaces:${AMENT_PREFIX_PATH} CMAKE_PREFIX_PATH=/home/wdr/ros_ws/install/auto_aim_interfaces:/opt/ros/humble LD_LIBRARY_PATH=/home/wdr/ros_ws/install/auto_aim_interfaces/lib:/opt/MVS/lib/64:/opt/MVS/lib/32:/opt/MVS/lib/64:/opt/MVS/lib/32:/opt/ros/humble/opt/rviz_ogre_vendor/lib:/opt/ros/humble/lib/x86_64-linux-gnu:/opt/ros/humble/lib:/opt/MVS/lib/64:/opt/MVS/lib/32:/opt/MVS/lib/64:/opt/MVS/lib/32:/opt/MVS/lib/64:/opt/MVS/lib/32:/opt/MVS/lib/64:/opt/MVS/lib/32 PYTHONPATH=/home/wdr/ros_ws/install/auto_aim_interfaces/local/lib/python3.10/dist-packages:${PYTHONPATH} /usr/bin/cmake --build /home/wdr/ros_ws/build/armor_detector -- -j8 -l8
[0.027s] [35m[1mConsolidate compiler generated dependencies of target armor_detector[0m
[0.028s] [ 13%] Built target gtest
[0.028s] [ 26%] Built target gtest_main
[0.033s] [ 40%] Built target armor_detector_node
[0.043s] [ 46%] [32mBuilding CXX object CMakeFiles/armor_detector.dir/src/detector.cpp.o[0m
[1.025s] [01m[K/home/wdr/ros_ws/src/rm_auto_aim/armor_detector/src/detector.cpp:[m[K In member function â€˜[01m[Kcv::Mat rm_auto_aim::Detector::preprocessImage(const cv::Mat&)[m[Kâ€™:
[1.025s] [01m[K/home/wdr/ros_ws/src/rm_auto_aim/armor_detector/src/detector.cpp:47:7:[m[K [01;31m[Kerror: [m[Kâ€˜[01m[KmorphoiogyEx[m[Kâ€™ is not a member of â€˜[01m[Kcv[m[Kâ€™; did you mean â€˜[01m[KmorphologyEx[m[Kâ€™?
[1.025s]    47 |   cv::[01;31m[KmorphoiogyEx[m[K(gray_img,gray_img,MORPH_CLOSE,cv::sIZE(3,3));
[1.025s]       |       [01;31m[K^~~~~~~~~~~~[m[K
[1.025s]       |       [32m[KmorphologyEx[m[K
[1.026s] [01m[K/home/wdr/ros_ws/src/rm_auto_aim/armor_detector/src/detector.cpp:47:38:[m[K [01;31m[Kerror: [m[Kâ€˜[01m[KMORPH_CLOSE[m[Kâ€™ was not declared in this scope; did you mean â€˜[01m[Kcv::MORPH_CLOSE[m[Kâ€™?
[1.026s]    47 |   cv::morphoiogyEx(gray_img,gray_img,[01;31m[KMORPH_CLOSE[m[K,cv::sIZE(3,3));
[1.026s]       |                                      [01;31m[K^~~~~~~~~~~[m[K
[1.026s]       |                                      [32m[Kcv::MORPH_CLOSE[m[K
[1.026s] In file included from [01m[K/home/wdr/ros_ws/src/rm_auto_aim/armor_detector/src/detector.cpp:9[m[K:
[1.026s] [01m[K/usr/local/include/opencv4/opencv2/imgproc.hpp:218:5:[m[K [01;36m[Knote: [m[Kâ€˜[01m[Kcv::MORPH_CLOSE[m[Kâ€™ declared here
[1.026s]   218 |     [01;36m[KMORPH_CLOSE[m[K    = 3, //!< a closing operation
[1.026s]       |     [01;36m[K^~~~~~~~~~~[m[K
[1.026s] [01m[K/home/wdr/ros_ws/src/rm_auto_aim/armor_detector/src/detector.cpp:47:54:[m[K [01;31m[Kerror: [m[Kâ€˜[01m[KsIZE[m[Kâ€™ is not a member of â€˜[01m[Kcv[m[Kâ€™
[1.027s]    47 |   cv::morphoiogyEx(gray_img,gray_img,MORPH_CLOSE,cv::[01;31m[KsIZE[m[K(3,3));
[1.027s]       |                                                      [01;31m[K^~~~[m[K
[1.460s] gmake[2]: *** [CMakeFiles/armor_detector.dir/build.make:76ï¼šCMakeFiles/armor_detector.dir/src/detector.cpp.o] é”™è¯¯ 1
[1.460s] gmake[1]: *** [CMakeFiles/Makefile2:161ï¼šCMakeFiles/armor_detector.dir/all] é”™è¯¯ 2
[1.460s] gmake: *** [Makefile:146ï¼šall] é”™è¯¯ 2
[1.461s] Invoked command in '/home/wdr/ros_ws/build/armor_detector' returned '2': AMENT_PREFIX_PATH=/home/wdr/ros_ws/install/auto_aim_interfaces:${AMENT_PREFIX_PATH} CMAKE_PREFIX_PATH=/home/wdr/ros_ws/install/auto_aim_interfaces:/opt/ros/humble LD_LIBRARY_PATH=/home/wdr/ros_ws/install/auto_aim_interfaces/lib:/opt/MVS/lib/64:/opt/MVS/lib/32:/opt/MVS/lib/64:/opt/MVS/lib/32:/opt/ros/humble/opt/rviz_ogre_vendor/lib:/opt/ros/humble/lib/x86_64-linux-gnu:/opt/ros/humble/lib:/opt/MVS/lib/64:/opt/MVS/lib/32:/opt/MVS/lib/64:/opt/MVS/lib/32:/opt/MVS/lib/64:/opt/MVS/lib/32:/opt/MVS/lib/64:/opt/MVS/lib/32 PYTHONPATH=/home/wdr/ros_ws/install/auto_aim_interfaces/local/lib/python3.10/dist-packages:${PYTHONPATH} /usr/bin/cmake --build /home/wdr/ros_ws/build/armor_detector -- -j8 -l8
